{"name": "test_can_not_wrong_order_authorization_user[61c0c5a71d1f82001bdaaa1d]", "status": "failed", "statusDetails": {"message": "AssertionError: assert 400 == 500\n +  where 400 = <Response [400]>.status_code", "trace": "self = <test_orders.TestOrders object at 0x000000000449EC70>, create_user_fixture = (<Response [200]>, {'email': 'kvcsh@mail.ru', 'name': 'dmxpq', 'password': 'iynfz'}), wrong_id = '61c0c5a71d1f82001bdaaa1d'\n\n    @allure.description('Нельзя создать заказ c некорректными ингредиентами')\n    @pytest.mark.parametrize('wrong_id', ['61c0c5a71d1f82001bdaaa1d', '000000000000000000000000', '007b', 'c'])\n    def test_can_not_wrong_order_authorization_user(self, create_user_fixture, wrong_id):\n        user_data = create_user_fixture[1]\n        authorized_user = BurgerApi.login_user(user_data)\n        wrong_order = {\"ingredients\": wrong_id}\n        order = BurgerApi.create_order(wrong_order)\n>       assert order.status_code == 500\nE       assert 400 == 500\nE        +  where 400 = <Response [400]>.status_code\n\ntests\\orders\\test_orders.py:34: AssertionError"}, "description": "Нельзя создать заказ c некорректными ингредиентами", "steps": [{"name": "Авторизация пользователя: POST /api/auth/login", "status": "passed", "parameters": [{"name": "body", "value": "{'email': 'kvcsh@mail.ru', 'password': 'iynfz', 'name': 'dmxpq'}"}], "start": 1717621406453, "stop": 1717621406615}, {"name": "Создание заказа: POST /api/orders", "status": "passed", "parameters": [{"name": "body", "value": "{'ingredients': '61c0c5a71d1f82001bdaaa1d'}"}], "start": 1717621406615, "stop": 1717621406890}], "attachments": [{"name": "stdout", "source": "9ce9f795-85dd-43b2-8527-442e7f827bb8-attachment.txt", "type": "text/plain"}], "parameters": [{"name": "wrong_id", "value": "'61c0c5a71d1f82001bdaaa1d'"}], "start": 1717621406452, "stop": 1717621406891, "uuid": "d8ecbcee-0d91-4948-bddf-5cb69afd5937", "historyId": "a2e9d738cde9da26dcc87757e3fd86ae", "testCaseId": "899a7bd6f9f4f98f52068d5de345dcde", "fullName": "tests.orders.test_orders.TestOrders#test_can_not_wrong_order_authorization_user", "labels": [{"name": "parentSuite", "value": "tests.orders"}, {"name": "suite", "value": "test_orders"}, {"name": "subSuite", "value": "TestOrders"}, {"name": "host", "value": "WIN-5TKA1RRH191"}, {"name": "thread", "value": "8892-MainThread"}, {"name": "framework", "value": "pytest"}, {"name": "language", "value": "cpython3"}, {"name": "package", "value": "tests.orders.test_orders"}]}